BSIMS/build/outputs/logs/manifest-merger-debug-report.txt
-- Merging decision tree log ---
manifest
ADDED from src\main\AndroidManifest.xml:2:1-1553:12
	package
		ADDED from src\main\AndroidManifest.xml:3:5-27
		INJECTED from src\main\AndroidManifest.xml
		INJECTED from src\main\AndroidManifest.xml
	android:versionName
		ADDED from src\main\AndroidManifest.xml:5:5-32
		INJECTED from src\main\AndroidManifest.xml
		INJECTED from src\main\AndroidManifest.xml
	android:versionCode
		ADDED from src\main\AndroidManifest.xml:4:5-28
		INJECTED from src\main\AndroidManifest.xml
		INJECTED from src\main\AndroidManifest.xml
	xmlns:android
		ADDED from src\main\AndroidManifest.xml:2:11-69
uses-sdk
ADDED from src\main\AndroidManifest.xml:7:5-9:41
MERGED from [Wuzhanglong.BSIMS.library:bSLibrarySwipeListView:unspecified] AndroidManifest.xml:7:5-9:41
MERGED from [Wuzhanglong.BSIMS.library:bSLibraryPhotoView:unspecified] AndroidManifest.xml:7:5-9:40
MERGED from [cn.jiguang.sdk:jpush:3.0.3] AndroidManifest.xml:7:5-9:41
MERGED from [cn.jiguang.sdk:jcore:1.1.1] AndroidManifest.xml:7:5-9:41
MERGED from [pub.devrel:easypermissions:0.3.0] AndroidManifest.xml:7:5-9:41
MERGED from [com.android.support:appcompat-v7:25.1.0] AndroidManifest.xml:21:5-23:78
MERGED from [com.android.support:support-v4:25.1.0] AndroidManifest.xml:21:5-23:54
MERGED from [com.android.support:support-fragment:25.1.0] AndroidManifest.xml:21:5-23:60
MERGED from [com.android.support:support-media-compat:25.1.0] AndroidManifest.xml:21:5-23:63
MERGED from [com.android.support:support-core-ui:25.1.0] AndroidManifest.xml:21:5-23:58
MERGED from [com.android.support:support-core-utils:25.1.0] AndroidManifest.xml:21:5-23:61
MERGED from [com.android.support:animated-vector-drawable:25.1.0] AndroidManifest.xml:20:5-44
MERGED from [com.android.support:support-vector-drawable:25.1.0] AndroidManifest.xml:21:5-43
MERGED from [com.android.support:support-compat:25.1.0] AndroidManifest.xml:21:5-23:58
MERGED from [com.android.support:multidex:1.0.1] AndroidManifest.xml:18:5-42
	tools:overrideLibrary
		ADDED from [com.android.support:appcompat-v7:25.1.0] AndroidManifest.xml:23:9-75
	android:targetSdkVersion
		ADDED from src\main\AndroidManifest.xml:9:9-38
		INJECTED from src\main\AndroidManifest.xml
		INJECTED from src\main\AndroidManifest.xml
	android:minSdkVersion
		ADDED from src\main\AndroidManifest.xml:8:9-35
		INJECTED from src\main\AndroidManifest.xml
		INJECTED from src\main\AndroidManifest.xml
application
ADDED from src\main\AndroidManifest.xml:11:5-1476:19
MERGED from [Wuzhanglong.BSIMS.library:bSLibrarySwipeListView:unspecified] AndroidManifest.xml:11:5-15:19
MERGED from [Wuzhanglong.BSIMS.library:bSLibraryPhotoView:unspecified] AndroidManifest.xml:11:5-20
MERGED from [cn.jiguang.sdk:jpush:3.0.3] AndroidManifest.xml:37:5-128:19
MERGED from [cn.jiguang.sdk:jcore:1.1.1] AndroidManifest.xml:11:5-12:19
MERGED from [pub.devrel:easypermissions:0.3.0] AndroidManifest.xml:11:5-17:19
MERGED from [com.android.support:appcompat-v7:25.1.0] AndroidManifest.xml:25:5-20
MERGED from [com.android.support:support-v4:25.1.0] AndroidManifest.xml:25:5-20
MERGED from [com.android.support:support-fragment:25.1.0] AndroidManifest.xml:25:5-20
MERGED from [com.android.support:support-media-compat:25.1.0] AndroidManifest.xml:25:5-20
MERGED from [com.android.support:support-core-ui:25.1.0] AndroidManifest.xml:25:5-20
MERGED from [com.android.support:support-core-utils:25.1.0] AndroidManifest.xml:25:5-20
MERGED from [com.android.support:animated-vector-drawable:25.1.0] AndroidManifest.xml:22:5-20
MERGED from [com.android.support:support-vector-drawable:25.1.0] AndroidManifest.xml:23:5-20
MERGED from [com.android.support:support-compat:25.1.0] AndroidManifest.xml:25:5-20
	android:label
		ADDED from src\main\AndroidManifest.xml:14:9-41
	android:icon
		ADDED from src\main\AndroidManifest.xml:13:9-45
	android:persistent
		ADDED from src\main\AndroidManifest.xml:15:9-34
	android:allowBackup
		ADDED from [Wuzhanglong.BSIMS.library:bSLibrarySwipeListView:unspecified] AndroidManifest.xml:12:9-35
	android:theme
		ADDED from src\main\AndroidManifest.xml:16:9-44
	android:name
		ADDED from src\main\AndroidManifest.xml:12:9-62
meta-data#com.amap.api.v2.apikey
ADDED from src\main\AndroidManifest.xml:19:9-21:64
	android:value
		ADDED from src\main\AndroidManifest.xml:21:13-61
	android:name
		ADDED from src\main\AndroidManifest.xml:20:13-50
activity#com.bs.bsims.activity.LogoActivity
ADDED from src\main\AndroidManifest.xml:23:9-32:20
	android:screenOrientation
		ADDED from src\main\AndroidManifest.xml:25:13-49
	android:theme
		ADDED from src\main\AndroidManifest.xml:26:13-54
	android:name
		ADDED from src\main\AndroidManifest.xml:24:13-62
intent-filter#android.intent.action.MAIN+android.intent.category.LAUNCHER
ADDED from src\main\AndroidManifest.xml:27:13-31:29
action#android.intent.action.MAIN
ADDED from src\main\AndroidManifest.xml:28:17-69
	android:name
		ADDED from src\main\AndroidManifest.xml:28:25-66
category#android.intent.category.LAUNCHER
ADDED from src\main\AndroidManifest.xml:30:17-77
	android:name
		ADDED from src\main\AndroidManifest.xml:30:27-74
activity#com.bs.bsims.viewpager.ViewPagerActivity
ADDED from src\main\AndroidManifest.xml:33:9-40:20
	android:screenOrientation
		ADDED from src\main\AndroidManifest.xml:37:13-49
	android:launchMode
		ADDED from src\main\AndroidManifest.xml:36:13-44
	android:windowSoftInputMode
		ADDED from src\main\AndroidManifest.xml:38:13-52
	android:configChanges
		ADDED from src\main\AndroidManifest.xml:35:13-72
	android:theme
		ADDED from src\main\AndroidManifest.xml:39:13-56
	android:name
		ADDED from src\main\AndroidManifest.xml:34:13-68
activity#com.bs.bsims.activity.MainActivity
ADDED from src\main\AndroidManifest.xml:41:9-49:20
	android:screenOrientation
		ADDED from src\main\AndroidManifest.xml:46:13-49
	android:label
		ADDED from src\main\AndroidManifest.xml:45:13-45
	android:hardwareAccelerated
		ADDED from src\main\AndroidManifest.xml:44:13-48
	android:windowSoftInputMode
		ADDED from src\main\AndroidManifest.xml:47:13-52
	android:configChanges
		ADDED from src\main\AndroidManifest.xml:43:13-72
	android:name
		ADDED from src\main\AndroidManifest.xml:42:13-62
activity#com.bs.bsims.activity.BaseActivity
ADDED from src\main\AndroidManifest.xml:50:9-56:58
	android:screenOrientation
		ADDED from src\main\AndroidManifest.xml:54:13-49
	android:launchMode
		ADDED from src\main\AndroidManifest.xml:53:13-44
	android:windowSoftInputMode
		ADDED from src\main\AndroidManifest.xml:55:13-52
	android:configChanges
		ADDED from src\main\AndroidManifest.xml:52:13-72
	android:theme
		ADDED from src\main\AndroidManifest.xml:56:13-56
	android:name
		ADDED from src\main\AndroidManifest.xml:51:13-62
activity#com.bs.bsims.activity.LoginActivity
ADDED from src\main\AndroidManifest.xml:57:9-64:20
	android:screenOrientation
		ADDED from src\main\AndroidManifest.xml:61:13-49
	android:launchMode
		ADDED from src\main\AndroidManifest.xml:60:13-43
	android:windowSoftInputMode
		ADDED from src\main\AndroidManifest.xml:62:13-54
	android:configChanges
		ADDED from src\main\AndroidManifest.xml:59:13-63
	android:theme
		ADDED from src\main\AndroidManifest.xml:63:13-56
	android:name
		ADDED from src\main\AndroidManifest.xml:58:13-63
activity#com.bs.bsims.activity.JournalListActivity
ADDED from src\main\AndroidManifest.xml:65:9-69:58
	android:screenOrientation
		ADDED from src\main\AndroidManifest.xml:68:13-49
	android:launchMode
		ADDED from src\main\AndroidManifest.xml:67:13-44
	android:theme
		ADDED from src\main\AndroidManifest.xml:69:13-56
	android:name
		ADDED from src\main\AndroidManifest.xml:66:13-69
activity#com.bs.bsims.activity.EditSendActivity
ADDED from src\main\AndroidManifest.xml:70:9-76:58
	android:screenOrientation
		ADDED from src\main\AndroidManifest.xml:74:13-49
	android:launchMode
		ADDED from src\main\AndroidManifest.xml:73:13-44
	android:windowSoftInputMode
		ADDED from src\main\AndroidManifest.xml:75:13-52
	android:configChanges
		ADDED from src\main\AndroidManifest.xml:72:13-72
	android:theme
		ADDED from src\main\AndroidManifest.xml:76:13-56
	android:name
		ADDED from src\main\AndroidManifest.xml:71:13-66
activity#com.bs.bsims.activity.HeadActivity
ADDED from src\main\AndroidManifest.xml:77:9-83:58
	android:screenOrientation
		ADDED from src\main\AndroidManifest.xml:81:13-49
	android:launchMode
		ADDED from src\main\AndroidManifest.xml:80:13-44
	android:windowSoftInputMode
		ADDED from src\main\AndroidManifest.xml:82:13-52
	android:configChanges
		ADDED from src\main\AndroidManifest.xml:79:13-72
	android:theme
		ADDED from src\main\AndroidManifest.xml:83:13-56
	android:name
		ADDED from src\main\AndroidManifest.xml:78:13-62
activity#com.bs.bsims.activity.ContactPersonActivity
ADDED from src\main\AndroidManifest.xml:84:9-90:58
	android:screenOrientation
		ADDED from src\main\AndroidManifest.xml:88:13-49
	android:launchMode
		ADDED from src\main\AndroidManifest.xml:87:13-44
	android:windowSoftInputMode
		ADDED from src\main\AndroidManifest.xml:89:13-52
	android:configChanges
		ADDED from src\main\AndroidManifest.xml:86:13-72
	android:theme
		ADDED from src\main\AndroidManifest.xml:90:13-56
	android:name
		ADDED from src\main\AndroidManifest.xml:85:13-71
activity#com.bs.bsims.activity.AttendanceSummaryActivity
ADDED from src\main\AndroidManifest.xml:91:9-95:58
	android:screenOrientation
		ADDED from src\main\AndroidManifest.xml:94:13-49
	android:launchMode
		ADDED from src\main\AndroidManifest.xml:93:13-44
	android:theme
		ADDED from src\main\AndroidManifest.xml:95:13-56
	android:name
		ADDED from src\main\AndroidManifest.xml:92:13-75
activity#com.bs.bsims.activity.AddByDepartmentActivity
ADDED from src\main\AndroidManifest.xml:96:9-101:58
	android:screenOrientation
		ADDED from src\main\AndroidManifest.xml:99:13-49
	android:windowSoftInputMode
		ADDED from src\main\AndroidManifest.xml:100:13-52
	android:configChanges
		ADDED from src\main\AndroidManifest.xml:98:13-72
	android:theme
		ADDED from src\main\AndroidManifest.xml:101:13-56
	android:name
		ADDED from src\main\AndroidManifest.xml:97:13-73
activity#com.bs.bsims.activity.NoticeActivity
ADDED from src\main\AndroidManifest.xml:102:9-106:58
	android:screenOrientation
		ADDED from src\main\AndroidManifest.xml:105:13-49
	android:launchMode
		ADDED from src\main\AndroidManifest.xml:104:13-44
	android:theme
		ADDED from src\main\AndroidManifest.xml:106:13-56
	android:name
		ADDED from src\main\AndroidManifest.xml:103:13-64
activity#com.bs.bsims.activity.NoticeDetailActivity
ADDED from src\main\AndroidManifest.xml:107:9-110:58
	android:screenOrientation
		ADDED from src\main\AndroidManifest.xml:109:13-49
	android:theme
		ADDED from src\main\AndroidManifest.xml:110:13-56
	android:name
		ADDED from src\main\AndroidManifest.xml:108:13-70
activity#com.bs.bsims.activity.NoticePublishActivity
ADDED from src\main\AndroidManifest.xml:111:9-117:58
	android:screenOrientation
		ADDED from src\main\AndroidManifest.xml:115:13-49
	android:launchMode
		ADDED from src\main\AndroidManifest.xml:114:13-44
	android:windowSoftInputMode
		ADDED from src\main\AndroidManifest.xml:116:13-52
	android:configChanges
		ADDED from src\main\AndroidManifest.xml:113:13-72
	android:theme
		ADDED from src\main\AndroidManifest.xml:117:13-56
	android:name
		ADDED from src\main\AndroidManifest.xml:112:13-71
activity#com.bs.bsims.activity.NotifyActivity
ADDED from src\main\AndroidManifest.xml:118:9-122:58
	android:screenOrientation
		ADDED from src\main\AndroidManifest.xml:121:13-49
	android:launchMode
		ADDED from src\main\AndroidManifest.xml:120:13-44
	android:theme
		ADDED from src\main\AndroidManifest.xml:122:13-56
	android:name
		ADDED from src\main\AndroidManifest.xml:119:13-64
activity#com.bs.bsims.activity.CompanyCultureActivity
ADDED from src\main\AndroidManifest.xml:123:9-127:58
	android:screenOrientation
		ADDED from src\main\AndroidManifest.xml:126:13-49
	android:launchMode
		ADDED from src\main\AndroidManifest.xml:125:13-44
	android:theme
		ADDED from src\main\AndroidManifest.xml:127:13-56
	android:name
		ADDED from src\main\AndroidManifest.xml:124:13-72
activity#com.bs.bsims.activity.CompanyCultureDetailActivity
ADDED from src\main\AndroidManifest.xml:128:9-132:58
	android:screenOrientation
		ADDED from src\main\AndroidManifest.xml:131:13-49
	android:launchMode
		ADDED from src\main\AndroidManifest.xml:130:13-44
	android:theme
		ADDED from src\main\AndroidManifest.xml:132:13-56
	android:name
		ADDED from src\main\AndroidManifest.xml:129:13-78
activity#com.bs.bsims.activity.CreativeIdeaActivity
ADDED from src\main\AndroidManifest.xml:133:9-137:58
	android:screenOrientation
		ADDED from src\main\AndroidManifest.xml:136:13-49
	android:launchMode
		ADDED from src\main\AndroidManifest.xml:135:13-44
	android:theme
		ADDED from src\main\AndroidManifest.xml:137:13-56
	android:name
		ADDED from src\main\AndroidManifest.xml:134:13-70
activity#com.bs.bsims.activity.CreativeIdeaDetailActivity
ADDED from src\main\AndroidManifest.xml:138:9-142:58
	android:screenOrientation
		ADDED from src\main\AndroidManifest.xml:141:13-49
	android:launchMode
		ADDED from src\main\AndroidManifest.xml:140:13-44
	android:theme
		ADDED from src\main\AndroidManifest.xml:142:13-56
	android:name
		ADDED from src\main\AndroidManifest.xml:139:13-76
activity#com.bs.bsims.activity.CreativeIdeaAdoptionActivity
ADDED from src\main\AndroidManifest.xml:143:9-146:58
	android:screenOrientation
		ADDED from src\main\AndroidManifest.xml:145:13-49
	android:theme
		ADDED from src\main\AndroidManifest.xml:146:13-56
	android:name
		ADDED from src\main\AndroidManifest.xml:144:13-78
activity#com.bs.bsims.activity.NoticeObjectActivity
ADDED from src\main\AndroidManifest.xml:147:9-150:58
	android:screenOrientation
		ADDED from src\main\AndroidManifest.xml:149:13-49
	android:theme
		ADDED from src\main\AndroidManifest.xml:150:13-56
	android:name
		ADDED from src\main\AndroidManifest.xml:148:13-70
activity#com.bs.bsims.activity.ObjectActivity
ADDED from src\main\AndroidManifest.xml:151:9-155:58
	android:screenOrientation
		ADDED from src\main\AndroidManifest.xml:154:13-49
	android:launchMode
		ADDED from src\main\AndroidManifest.xml:153:13-44
	android:theme
		ADDED from src\main\AndroidManifest.xml:155:13-56
	android:name
		ADDED from src\main\AndroidManifest.xml:152:13-64
activity#com.bs.bsims.activity.DocumentPublishActivity
ADDED from src\main\AndroidManifest.xml:156:9-160:58
	android:screenOrientation
		ADDED from src\main\AndroidManifest.xml:159:13-49
	android:launchMode
		ADDED from src\main\AndroidManifest.xml:158:13-44
	android:theme
		ADDED from src\main\AndroidManifest.xml:160:13-56
	android:name
		ADDED from src\main\AndroidManifest.xml:157:13-73
activity#com.bs.bsims.activity.ApprovalViewActivity
ADDED from src\main\AndroidManifest.xml:161:9-165:58
	android:screenOrientation
		ADDED from src\main\AndroidManifest.xml:164:13-49
	android:launchMode
		ADDED from src\main\AndroidManifest.xml:163:13-44
	android:theme
		ADDED from src\main\AndroidManifest.xml:165:13-56
	android:name
		ADDED from src\main\AndroidManifest.xml:162:13-70
activity#com.bs.bsims.activity.ApprovalListActivity
ADDED from src\main\AndroidManifest.xml:166:9-170:58
	android:screenOrientation
		ADDED from src\main\AndroidManifest.xml:169:13-49
	android:launchMode
		ADDED from src\main\AndroidManifest.xml:168:13-44
	android:theme
		ADDED from src\main\AndroidManifest.xml:170:13-56
	android:name
		ADDED from src\main\AndroidManifest.xml:167:13-70
activity#com.bs.bsims.activity.CreativeIdeaNewActivity
ADDED from src\main\AndroidManifest.xml:171:9-177:58
	android:screenOrientation
		ADDED from src\main\AndroidManifest.xml:175:13-49
	android:launchMode
		ADDED from src\main\AndroidManifest.xml:174:13-44
	android:windowSoftInputMode
		ADDED from src\main\AndroidManifest.xml:176:13-52
	android:configChanges
		ADDED from src\main\AndroidManifest.xml:173:13-72
	android:theme
		ADDED from src\main\AndroidManifest.xml:177:13-56
	android:name
		ADDED from src\main\AndroidManifest.xml:172:13-73
activity#com.bs.bsims.activity.ApprovalLeaveActivity
ADDED from src\main\AndroidManifest.xml:178:9-184:58
	android:screenOrientation
		ADDED from src\main\AndroidManifest.xml:182:13-49
	android:launchMode
		ADDED from src\main\AndroidManifest.xml:181:13-44
	android:windowSoftInputMode
		ADDED from src\main\AndroidManifest.xml:183:13-52
	android:configChanges
		ADDED from src\main\AndroidManifest.xml:180:13-72
	android:theme
		ADDED from src\main\AndroidManifest.xml:184:13-56
	android:name
		ADDED from src\main\AndroidManifest.xml:179:13-71
activity#com.bs.bsims.activity.ApprovalLeaveDetailActivity
ADDED from src\main\AndroidManifest.xml:185:9-189:58
	android:screenOrientation
		ADDED from src\main\AndroidManifest.xml:188:13-49
	android:launchMode
		ADDED from src\main\AndroidManifest.xml:187:13-44
	android:theme
		ADDED from src\main\AndroidManifest.xml:189:13-56
	android:name
		ADDED from src\main\AndroidManifest.xml:186:13-77
activity#com.bs.bsims.activity.ApprovalOvertimeActivity
ADDED from src\main\AndroidManifest.xml:190:9-196:58
	android:screenOrientation
		ADDED from src\main\AndroidManifest.xml:194:13-49
	android:launchMode
		ADDED from src\main\AndroidManifest.xml:193:13-44
	android:windowSoftInputMode
		ADDED from src\main\AndroidManifest.xml:195:13-52
	android:configChanges
		ADDED from src\main\AndroidManifest.xml:192:13-72
	android:theme
		ADDED from src\main\AndroidManifest.xml:196:13-56
	android:name
		ADDED from src\main\AndroidManifest.xml:191:13-74
activity#com.bs.bsims.activity.ApprovalOvertimeDetailActivity
ADDED from src\main\AndroidManifest.xml:197:9-201:58
	android:screenOrientation
		ADDED from src\main\AndroidManifest.xml:200:13-49
	android:launchMode
		ADDED from src\main\AndroidManifest.xml:199:13-44
	android:theme
		ADDED from src\main\AndroidManifest.xml:201:13-56
	android:name
		ADDED from src\main\AndroidManifest.xml:198:13-80
activity#com.bs.bsims.activity.ApprovalAttendanceActivity
ADDED from src\main\AndroidManifest.xml:202:9-208:58
	android:screenOrientation
		ADDED from src\main\AndroidManifest.xml:206:13-49
	android:launchMode
		ADDED from src\main\AndroidManifest.xml:205:13-44
	android:windowSoftInputMode
		ADDED from src\main\AndroidManifest.xml:207:13-52
	android:configChanges
		ADDED from src\main\AndroidManifest.xml:204:13-72
	android:theme
		ADDED from src\main\AndroidManifest.xml:208:13-56
	android:name
		ADDED from src\main\AndroidManifest.xml:203:13-76
activity#com.bs.bsims.activity.ApprovalAttendanceDetailActivity
ADDED from src\main\AndroidManifest.xml:209:9-213:58
	android:screenOrientation
		ADDED from src\main\AndroidManifest.xml:212:13-49
	android:launchMode
		ADDED from src\main\AndroidManifest.xml:211:13-44
	android:theme
		ADDED from src\main\AndroidManifest.xml:213:13-56
	android:name
		ADDED from src\main\AndroidManifest.xml:210:13-82
activity#com.bs.bsims.activity.ApprovalFeeApplyActivity
ADDED from src\main\AndroidManifest.xml:214:9-220:58
	android:screenOrientation
		ADDED from src\main\AndroidManifest.xml:218:13-49
	android:launchMode
		ADDED from src\main\AndroidManifest.xml:217:13-44
	android:windowSoftInputMode
		ADDED from src\main\AndroidManifest.xml:219:13-52
	android:configChanges
		ADDED from src\main\AndroidManifest.xml:216:13-72
	android:theme
		ADDED from src\main\AndroidManifest.xml:220:13-56
	android:name
		ADDED from src\main\AndroidManifest.xml:215:13-74
activity#com.bs.bsims.activity.ApprovalFeeApplyDetailActivity
ADDED from src\main\AndroidManifest.xml:221:9-225:58
	android:screenOrientation
		ADDED from src\main\AndroidManifest.xml:224:13-49
	android:launchMode
		ADDED from src\main\AndroidManifest.xml:223:13-44
	android:theme
		ADDED from src\main\AndroidManifest.xml:225:13-56
	android:name
		ADDED from src\main\AndroidManifest.xml:222:13-80
activity#com.bs.bsims.activity.ApprovalSuppliesActivity
ADDED from src\main\AndroidManifest.xml:226:9-232:58
	android:screenOrientation
		ADDED from src\main\AndroidManifest.xml:230:13-49
	android:launchMode
		ADDED from src\main\AndroidManifest.xml:229:13-44
	android:windowSoftInputMode
		ADDED from src\main\AndroidManifest.xml:231:13-52
	android:configChanges
		ADDED from src\main\AndroidManifest.xml:228:13-72
	android:theme
		ADDED from src\main\AndroidManifest.xml:232:13-56
	android:name
		ADDED from src\main\AndroidManifest.xml:227:13-74
activity#com.bs.bsims.activity.ApprovalSuppliesDetailActivity
ADDED from src\main\AndroidManifest.xml:233:9-236:58
	android:screenOrientation
		ADDED from src\main\AndroidManifest.xml:235:13-49
	android:theme
		ADDED from src\main\AndroidManifest.xml:236:13-56
	android:name
		ADDED from src\main\AndroidManifest.xml:234:13-80
activity#com.bs.bsims.activity.EXTSignInMapActivity
ADDED from src\main\AndroidManifest.xml:237:9-244:58
	android:screenOrientation
		ADDED from src\main\AndroidManifest.xml:242:13-49
	android:label
		ADDED from src\main\AndroidManifest.xml:240:13-33
	android:launchMode
		ADDED from src\main\AndroidManifest.xml:241:13-43
	android:windowSoftInputMode
		ADDED from src\main\AndroidManifest.xml:243:13-67
	android:configChanges
		ADDED from src\main\AndroidManifest.xml:239:13-74
	android:theme
		ADDED from src\main\AndroidManifest.xml:244:13-56
	android:name
		ADDED from src\main\AndroidManifest.xml:238:13-70
activity#com.bs.bsims.activity.SignInActivity
ADDED from src\main\AndroidManifest.xml:245:9-250:58
	android:screenOrientation
		ADDED from src\main\AndroidManifest.xml:249:13-49
	android:label
		ADDED from src\main\AndroidManifest.xml:247:13-35
	android:launchMode
		ADDED from src\main\AndroidManifest.xml:248:13-44
	android:theme
		ADDED from src\main\AndroidManifest.xml:250:13-56
	android:name
		ADDED from src\main\AndroidManifest.xml:246:13-64
activity#com.bs.bsims.activity.EXTWorkAttendanceDetailActivity
ADDED from src\main\AndroidManifest.xml:251:9-256:58
	android:screenOrientation
		ADDED from src\main\AndroidManifest.xml:255:13-49
	android:label
		ADDED from src\main\AndroidManifest.xml:253:13-33
	android:launchMode
		ADDED from src\main\AndroidManifest.xml:254:13-44
	android:theme
		ADDED from src\main\AndroidManifest.xml:256:13-56
	android:name
		ADDED from src\main\AndroidManifest.xml:252:13-81
activity#com.bs.bsims.activity.ApprovalSelfActivity
ADDED from src\main\AndroidManifest.xml:257:9-261:58
	android:screenOrientation
		ADDED from src\main\AndroidManifest.xml:260:13-49
	android:launchMode
		ADDED from src\main\AndroidManifest.xml:259:13-44
	android:theme
		ADDED from src\main\AndroidManifest.xml:261:13-56
	android:name
		ADDED from src\main\AndroidManifest.xml:258:13-70
activity#com.bs.bsims.activity.ImagePreviewActivity
ADDED from src\main\AndroidManifest.xml:262:9-266:58
	android:screenOrientation
		ADDED from src\main\AndroidManifest.xml:265:13-49
	android:launchMode
		ADDED from src\main\AndroidManifest.xml:264:13-43
	android:theme
		ADDED from src\main\AndroidManifest.xml:266:13-56
	android:name
		ADDED from src\main\AndroidManifest.xml:263:13-70
activity#com.bs.bsims.activity.ReleaseTaskActivity
ADDED from src\main\AndroidManifest.xml:267:9-273:58
	android:screenOrientation
		ADDED from src\main\AndroidManifest.xml:271:13-49
	android:label
		ADDED from src\main\AndroidManifest.xml:269:13-33
	android:launchMode
		ADDED from src\main\AndroidManifest.xml:270:13-44
	android:windowSoftInputMode
		ADDED from src\main\AndroidManifest.xml:272:13-52
	android:theme
		ADDED from src\main\AndroidManifest.xml:273:13-56
	android:name
		ADDED from src\main\AndroidManifest.xml:268:13-69
activity#com.bs.bsims.activity.UploadFileListActivity
ADDED from src\main\AndroidManifest.xml:274:9-279:58
	android:screenOrientation
		ADDED from src\main\AndroidManifest.xml:278:13-49
	android:label
		ADDED from src\main\AndroidManifest.xml:276:13-37
	android:launchMode
		ADDED from src\main\AndroidManifest.xml:277:13-44
	android:theme
		ADDED from src\main\AndroidManifest.xml:279:13-56
	android:name
		ADDED from src\main\AndroidManifest.xml:275:13-72
activity#com.bs.bsims.activity.UploadDetailActivity
ADDED from src\main\AndroidManifest.xml:280:9-285:58
	android:screenOrientation
		ADDED from src\main\AndroidManifest.xml:284:13-49
	android:label
		ADDED from src\main\AndroidManifest.xml:282:13-33
	android:launchMode
		ADDED from src\main\AndroidManifest.xml:283:13-44
	android:theme
		ADDED from src\main\AndroidManifest.xml:285:13-56
	android:name
		ADDED from src\main\AndroidManifest.xml:281:13-70
activity#com.bs.bsims.activity.AboutActivity
ADDED from src\main\AndroidManifest.xml:286:9-290:58
	android:screenOrientation
		ADDED from src\main\AndroidManifest.xml:289:13-49
	android:launchMode
		ADDED from src\main\AndroidManifest.xml:288:13-44
	android:theme
		ADDED from src\main\AndroidManifest.xml:290:13-56
	android:name
		ADDED from src\main\AndroidManifest.xml:287:13-63
activity#com.bs.bsims.activity.EXTTaskEventDetailsActivity
ADDED from src\main\AndroidManifest.xml:291:9-296:58
	android:screenOrientation
		ADDED from src\main\AndroidManifest.xml:295:13-49
	android:label
		ADDED from src\main\AndroidManifest.xml:293:13-35
	android:launchMode
		ADDED from src\main\AndroidManifest.xml:294:13-44
	android:theme
		ADDED from src\main\AndroidManifest.xml:296:13-56
	android:name
		ADDED from src\main\AndroidManifest.xml:292:13-77
activity#com.bs.bsims.activity.EXTTaskHomeActivity
ADDED from src\main\AndroidManifest.xml:297:9-302:58
	android:screenOrientation
		ADDED from src\main\AndroidManifest.xml:301:13-49
	android:label
		ADDED from src\main\AndroidManifest.xml:299:13-33
	android:launchMode
		ADDED from src\main\AndroidManifest.xml:300:13-44
	android:theme
		ADDED from src\main\AndroidManifest.xml:302:13-56
	android:name
		ADDED from src\main\AndroidManifest.xml:298:13-69
activity#com.bs.bsims.activity.UpdatePasswordActivity
ADDED from src\main\AndroidManifest.xml:303:9-308:58
	android:screenOrientation
		ADDED from src\main\AndroidManifest.xml:307:13-49
	android:label
		ADDED from src\main\AndroidManifest.xml:305:13-33
	android:launchMode
		ADDED from src\main\AndroidManifest.xml:306:13-44
	android:theme
		ADDED from src\main\AndroidManifest.xml:308:13-56
	android:name
		ADDED from src\main\AndroidManifest.xml:304:13-72
activity#com.bs.bsims.activity.CreativeActivity
ADDED from src\main\AndroidManifest.xml:309:9-313:58
	android:screenOrientation
		ADDED from src\main\AndroidManifest.xml:312:13-49
	android:launchMode
		ADDED from src\main\AndroidManifest.xml:311:13-44
	android:theme
		ADDED from src\main\AndroidManifest.xml:313:13-56
	android:name
		ADDED from src\main\AndroidManifest.xml:310:13-66
activity#com.bs.bsims.activity.EXTSelectPercentActivity
ADDED from src\main\AndroidManifest.xml:314:9-319:58
	android:screenOrientation
		ADDED from src\main\AndroidManifest.xml:318:13-49
	android:label
		ADDED from src\main\AndroidManifest.xml:316:13-33
	android:launchMode
		ADDED from src\main\AndroidManifest.xml:317:13-44
	android:theme
		ADDED from src\main\AndroidManifest.xml:319:13-56
	android:name
		ADDED from src\main\AndroidManifest.xml:315:13-74
activity#com.bs.bsims.activity.EXTWorkAttendanceEveryoneDetailActivity
ADDED from src\main\AndroidManifest.xml:320:9-325:58
	android:screenOrientation
		ADDED from src\main\AndroidManifest.xml:324:13-49
	android:label
		ADDED from src\main\AndroidManifest.xml:322:13-35
	android:launchMode
		ADDED from src\main\AndroidManifest.xml:323:13-44
	android:theme
		ADDED from src\main\AndroidManifest.xml:325:13-56
	android:name
		ADDED from src\main\AndroidManifest.xml:321:13-89
activity#com.bs.bsims.activity.EXTTaskHomeHPActivity
ADDED from src\main\AndroidManifest.xml:326:9-331:58
	android:screenOrientation
		ADDED from src\main\AndroidManifest.xml:330:13-49
	android:label
		ADDED from src\main\AndroidManifest.xml:328:13-36
	android:launchMode
		ADDED from src\main\AndroidManifest.xml:329:13-44
	android:theme
		ADDED from src\main\AndroidManifest.xml:331:13-56
	android:name
		ADDED from src\main\AndroidManifest.xml:327:13-71
activity#com.bs.bsims.activity.EXTTaskHomeLAVAActivity
ADDED from src\main\AndroidManifest.xml:332:9-337:58
	android:screenOrientation
		ADDED from src\main\AndroidManifest.xml:336:13-49
	android:label
		ADDED from src\main\AndroidManifest.xml:334:13-38
	android:launchMode
		ADDED from src\main\AndroidManifest.xml:335:13-44
	android:theme
		ADDED from src\main\AndroidManifest.xml:337:13-56
	android:name
		ADDED from src\main\AndroidManifest.xml:333:13-73
activity#com.bs.bsims.activity.EXTTaskChangeDateActivity
ADDED from src\main\AndroidManifest.xml:338:9-343:58
	android:screenOrientation
		ADDED from src\main\AndroidManifest.xml:342:13-49
	android:label
		ADDED from src\main\AndroidManifest.xml:340:13-36
	android:launchMode
		ADDED from src\main\AndroidManifest.xml:341:13-44
	android:theme
		ADDED from src\main\AndroidManifest.xml:343:13-56
	android:name
		ADDED from src\main\AndroidManifest.xml:339:13-75
activity#com.bs.bsims.activity.EXTDownloadGroupHomeActivity
ADDED from src\main\AndroidManifest.xml:344:9-349:58
	android:screenOrientation
		ADDED from src\main\AndroidManifest.xml:348:13-49
	android:label
		ADDED from src\main\AndroidManifest.xml:346:13-35
	android:launchMode
		ADDED from src\main\AndroidManifest.xml:347:13-44
	android:theme
		ADDED from src\main\AndroidManifest.xml:349:13-56
	android:name
		ADDED from src\main\AndroidManifest.xml:345:13-78
activity#com.bs.bsims.activity.EXTTeamFileListActivity
ADDED from src\main\AndroidManifest.xml:350:9-355:58
	android:screenOrientation
		ADDED from src\main\AndroidManifest.xml:354:13-49
	android:label
		ADDED from src\main\AndroidManifest.xml:352:13-35
	android:launchMode
		ADDED from src\main\AndroidManifest.xml:353:13-44
	android:theme
		ADDED from src\main\AndroidManifest.xml:355:13-56
	android:name
		ADDED from src\main\AndroidManifest.xml:351:13-73
activity#com.bs.bsims.activity.EXTTaskStatisticsPieChartActivity
ADDED from src\main\AndroidManifest.xml:356:9-361:58
	android:screenOrientation